<?xml version="1.0" encoding="UTF-8"?>
<testsuite name="in.mtap.iincube.mongoser.handlers.ReadRequestHandlerTest" tests="6" skipped="0" failures="0" errors="0" timestamp="2015-12-22T14:14:10" hostname="ThinkPad-T430" time="0.013">
  <properties/>
  <testcase name="errorIfNoParams" classname="in.mtap.iincube.mongoser.handlers.ReadRequestHandlerTest" time="0.003"/>
  <testcase name="errorOnInvalidLimitParam" classname="in.mtap.iincube.mongoser.handlers.ReadRequestHandlerTest" time="0.003"/>
  <testcase name="errorOnInvalidSkipParam" classname="in.mtap.iincube.mongoser.handlers.ReadRequestHandlerTest" time="0.001"/>
  <testcase name="parseErrorOnInputStream" classname="in.mtap.iincube.mongoser.handlers.ReadRequestHandlerTest" time="0.002"/>
  <testcase name="errorIfNoDbNameParam" classname="in.mtap.iincube.mongoser.handlers.ReadRequestHandlerTest" time="0.001"/>
  <testcase name="errorIfNoCollectionNameParam" classname="in.mtap.iincube.mongoser.handlers.ReadRequestHandlerTest" time="0.001"/>
  <system-out><![CDATA[]]></system-out>
  <system-err><![CDATA[]]></system-err>
</testsuite>
