<?xml version="1.0" encoding="UTF-8"?>
<testsuite name="in.mtap.iincube.mongoser.handlers.WriteRequestHandlerTest" tests="8" skipped="0" failures="0" errors="0" timestamp="2015-12-22T14:14:10" hostname="ThinkPad-T430" time="0.206">
  <properties/>
  <testcase name="errorInsertIfAnyDbNameAndColname" classname="in.mtap.iincube.mongoser.handlers.WriteRequestHandlerTest" time="0.191"/>
  <testcase name="errorUpdateIfNoDbName" classname="in.mtap.iincube.mongoser.handlers.WriteRequestHandlerTest" time="0.005"/>
  <testcase name="errorInsertIfInvalidData" classname="in.mtap.iincube.mongoser.handlers.WriteRequestHandlerTest" time="0.002"/>
  <testcase name="errorInsertIfNoCollectionName" classname="in.mtap.iincube.mongoser.handlers.WriteRequestHandlerTest" time="0.001"/>
  <testcase name="errorUpdateIfNoCollectionName" classname="in.mtap.iincube.mongoser.handlers.WriteRequestHandlerTest" time="0.001"/>
  <testcase name="errorInsertIfNoDbName" classname="in.mtap.iincube.mongoser.handlers.WriteRequestHandlerTest" time="0.001"/>
  <testcase name="errorUpdateIfAnyDbNameAndColname" classname="in.mtap.iincube.mongoser.handlers.WriteRequestHandlerTest" time="0.001"/>
  <testcase name="errorUpdateIfInvalidData" classname="in.mtap.iincube.mongoser.handlers.WriteRequestHandlerTest" time="0.002"/>
  <system-out><![CDATA[]]></system-out>
  <system-err><![CDATA[]]></system-err>
</testsuite>
