<?xml version="1.0" encoding="UTF-8"?>
<testsuite name="in.mtap.iincube.mongoser.codec.RequestReaderTest" tests="6" skipped="0" failures="0" errors="0" timestamp="2015-10-27T15:55:56" hostname="ThinkPad-T430" time="0.23">
  <properties/>
  <testcase name="decodeUrlRequest" classname="in.mtap.iincube.mongoser.codec.RequestReaderTest" time="0.217"/>
  <testcase name="invalidJsonRequest" classname="in.mtap.iincube.mongoser.codec.RequestReaderTest" time="0.005"/>
  <testcase name="decodeEmptyJsonRequest" classname="in.mtap.iincube.mongoser.codec.RequestReaderTest" time="0.002"/>
  <testcase name="decodeJsonArrayRequest" classname="in.mtap.iincube.mongoser.codec.RequestReaderTest" time="0.002"/>
  <testcase name="decodePlainJsonRequest" classname="in.mtap.iincube.mongoser.codec.RequestReaderTest" time="0.001"/>
  <testcase name="decodeNewLineRequest" classname="in.mtap.iincube.mongoser.codec.RequestReaderTest" time="0.0"/>
  <system-out><![CDATA[]]></system-out>
  <system-err><![CDATA[com.mongodb.util.JSONParseException: 
{
 ^
	at com.mongodb.util.JSONParser.read(JSON.java:455)
	at com.mongodb.util.JSONParser.parseObject(JSON.java:413)
	at com.mongodb.util.JSONParser.parse(JSON.java:378)
	at com.mongodb.util.JSONParser.parse(JSON.java:328)
	at com.mongodb.util.JSON.parse(JSON.java:287)
	at com.mongodb.util.JSON.parse(JSON.java:272)
	at in.mtap.iincube.mongoser.codec.SimpleLineDecoder.addIfParseable(SimpleLineDecoder.java:26)
	at in.mtap.iincube.mongoser.codec.SimpleLineDecoder.addData(SimpleLineDecoder.java:21)
	at in.mtap.iincube.mongoser.codec.io.RequestReader.addDataToDecoders(RequestReader.java:47)
	at in.mtap.iincube.mongoser.codec.io.RequestReader.decodeAsDBObject(RequestReader.java:93)
	at in.mtap.iincube.mongoser.codec.io.RequestReader.readResultDbObject(RequestReader.java:75)
	at in.mtap.iincube.mongoser.codec.RequestReaderTest.invalidJsonRequest(RequestReaderTest.java:98)
	at sun.reflect.NativeMethodAccessorImpl.invoke0(Native Method)
	at sun.reflect.NativeMethodAccessorImpl.invoke(NativeMethodAccessorImpl.java:57)
	at sun.reflect.DelegatingMethodAccessorImpl.invoke(DelegatingMethodAccessorImpl.java:43)
	at java.lang.reflect.Method.invoke(Method.java:606)
	at org.junit.runners.model.FrameworkMethod$1.runReflectiveCall(FrameworkMethod.java:47)
	at org.junit.internal.runners.model.ReflectiveCallable.run(ReflectiveCallable.java:12)
	at org.junit.runners.model.FrameworkMethod.invokeExplosively(FrameworkMethod.java:44)
	at org.junit.internal.runners.statements.InvokeMethod.evaluate(InvokeMethod.java:17)
	at org.junit.runners.ParentRunner.runLeaf(ParentRunner.java:271)
	at org.junit.runners.BlockJUnit4ClassRunner.runChild(BlockJUnit4ClassRunner.java:70)
	at org.junit.runners.BlockJUnit4ClassRunner.runChild(BlockJUnit4ClassRunner.java:50)
	at org.junit.runners.ParentRunner$3.run(ParentRunner.java:238)
	at org.junit.runners.ParentRunner$1.schedule(ParentRunner.java:63)
	at org.junit.runners.ParentRunner.runChildren(ParentRunner.java:236)
	at org.junit.runners.ParentRunner.access$000(ParentRunner.java:53)
	at org.junit.runners.ParentRunner$2.evaluate(ParentRunner.java:229)
	at org.junit.runners.ParentRunner.run(ParentRunner.java:309)
	at org.gradle.api.internal.tasks.testing.junit.JUnitTestClassExecuter.runTestClass(JUnitTestClassExecuter.java:105)
	at org.gradle.api.internal.tasks.testing.junit.JUnitTestClassExecuter.execute(JUnitTestClassExecuter.java:56)
	at org.gradle.api.internal.tasks.testing.junit.JUnitTestClassProcessor.processTestClass(JUnitTestClassProcessor.java:64)
	at org.gradle.api.internal.tasks.testing.SuiteTestClassProcessor.processTestClass(SuiteTestClassProcessor.java:50)
	at sun.reflect.NativeMethodAccessorImpl.invoke0(Native Method)
	at sun.reflect.NativeMethodAccessorImpl.invoke(NativeMethodAccessorImpl.java:57)
	at sun.reflect.DelegatingMethodAccessorImpl.invoke(DelegatingMethodAccessorImpl.java:43)
	at java.lang.reflect.Method.invoke(Method.java:606)
	at org.gradle.messaging.dispatch.ReflectionDispatch.dispatch(ReflectionDispatch.java:35)
	at org.gradle.messaging.dispatch.ReflectionDispatch.dispatch(ReflectionDispatch.java:24)
	at org.gradle.messaging.dispatch.ContextClassLoaderDispatch.dispatch(ContextClassLoaderDispatch.java:32)
	at org.gradle.messaging.dispatch.ProxyDispatchAdapter$DispatchingInvocationHandler.invoke(ProxyDispatchAdapter.java:93)
	at com.sun.proxy.$Proxy2.processTestClass(Unknown Source)
	at org.gradle.api.internal.tasks.testing.worker.TestWorker.processTestClass(TestWorker.java:106)
	at sun.reflect.NativeMethodAccessorImpl.invoke0(Native Method)
	at sun.reflect.NativeMethodAccessorImpl.invoke(NativeMethodAccessorImpl.java:57)
	at sun.reflect.DelegatingMethodAccessorImpl.invoke(DelegatingMethodAccessorImpl.java:43)
	at java.lang.reflect.Method.invoke(Method.java:606)
	at org.gradle.messaging.dispatch.ReflectionDispatch.dispatch(ReflectionDispatch.java:35)
	at org.gradle.messaging.dispatch.ReflectionDispatch.dispatch(ReflectionDispatch.java:24)
	at org.gradle.messaging.remote.internal.hub.MessageHub$Handler.run(MessageHub.java:360)
	at org.gradle.internal.concurrent.ExecutorPolicy$CatchAndRecordFailures.onExecute(ExecutorPolicy.java:54)
	at org.gradle.internal.concurrent.StoppableExecutorImpl$1.run(StoppableExecutorImpl.java:40)
	at java.util.concurrent.ThreadPoolExecutor.runWorker(ThreadPoolExecutor.java:1145)
	at java.util.concurrent.ThreadPoolExecutor$Worker.run(ThreadPoolExecutor.java:615)
	at java.lang.Thread.run(Thread.java:745)
]]></system-err>
</testsuite>
