<?xml version="1.0" encoding="UTF-8"?>
<testsuite name="in.mtap.iincube.mongoser.codec.JsonArrayDecoderTest" tests="7" skipped="0" failures="0" errors="0" timestamp="2015-12-22T14:14:07" hostname="ThinkPad-T430" time="0.064">
  <properties/>
  <testcase name="throwOnForceFetchIfInvalid" classname="in.mtap.iincube.mongoser.codec.JsonArrayDecoderTest" time="0.034"/>
  <testcase name="handleInvalidJsonEntries" classname="in.mtap.iincube.mongoser.codec.JsonArrayDecoderTest" time="0.0"/>
  <testcase name="supportStreamInputAndPostProcess" classname="in.mtap.iincube.mongoser.codec.JsonArrayDecoderTest" time="0.025"/>
  <testcase name="handleJsonArrayEntries" classname="in.mtap.iincube.mongoser.codec.JsonArrayDecoderTest" time="0.0"/>
  <testcase name="supportEmptyObject" classname="in.mtap.iincube.mongoser.codec.JsonArrayDecoderTest" time="0.0"/>
  <testcase name="handleJsonEntries" classname="in.mtap.iincube.mongoser.codec.JsonArrayDecoderTest" time="0.0"/>
  <testcase name="invalidWhenNoData" classname="in.mtap.iincube.mongoser.codec.JsonArrayDecoderTest" time="0.0"/>
  <system-out><![CDATA[]]></system-out>
  <system-err><![CDATA[]]></system-err>
</testsuite>
